androidApp/build/intermediates/manifest_merge_blame_file/debug/manifest-merger-blame-debug-report.txt
1<?xml version="1.0" encoding="utf-8"?>
2<manifest xmlns:android="http://schemas.android.com/apk/res/android"
3    package="com.onegravity.bloc.sample"
4    android:versionCode="1"
5    android:versionName="1.0" >
6
7    <uses-sdk
8        android:minSdkVersion="21"
8-->src/main/AndroidManifest.xml
9        android:targetSdkVersion="32" />
9-->src/main/AndroidManifest.xml
10
11    <uses-permission android:name="android.permission.INTERNET" />
11-->[:bloc-samples] AndroidManifest.xml:9:5-67
11-->[:bloc-samples] AndroidManifest.xml:9:22-64
12
13    <application
13-->src/main/AndroidManifest.xml:5:5-54:19
14        android:name="com.onegravity.bloc.Application"
14-->src/main/AndroidManifest.xml:6:9-36
15        android:appComponentFactory="androidx.core.app.CoreComponentFactory"
15-->[androidx.core:core:1.7.0] AndroidManifest.xml:24:18-86
16        android:debuggable="true"
17        android:icon="@mipmap/ic_launcher"
17-->src/main/AndroidManifest.xml:7:9-43
18        android:label="@string/app_name"
18-->src/main/AndroidManifest.xml:8:9-41
19        android:roundIcon="@mipmap/ic_launcher_round"
19-->src/main/AndroidManifest.xml:9:9-54
20        android:supportsRtl="true"
20-->src/main/AndroidManifest.xml:10:9-35
21        android:testOnly="true"
22        android:theme="@style/Theme.Bloc" >
22-->src/main/AndroidManifest.xml:11:9-42
23        <activity
23-->src/main/AndroidManifest.xml:13:9-22:20
24            android:name="com.onegravity.bloc.MainActivity"
24-->src/main/AndroidManifest.xml:14:13-41
25            android:exported="true"
25-->src/main/AndroidManifest.xml:17:13-36
26            android:label="BLoC Framework"
26-->src/main/AndroidManifest.xml:15:13-43
27            android:theme="@style/Theme.Bloc" >
27-->src/main/AndroidManifest.xml:16:13-46
28            <intent-filter>
28-->src/main/AndroidManifest.xml:18:13-21:29
29                <action android:name="android.intent.action.MAIN" />
29-->src/main/AndroidManifest.xml:19:17-69
29-->src/main/AndroidManifest.xml:19:25-66
30
31                <category android:name="android.intent.category.LAUNCHER" />
31-->src/main/AndroidManifest.xml:20:17-77
31-->src/main/AndroidManifest.xml:20:27-74
32            </intent-filter>
33        </activity>
34        <activity
34-->src/main/AndroidManifest.xml:24:9-28:39
35            android:name="com.onegravity.bloc.counter.CounterActivity"
35-->src/main/AndroidManifest.xml:25:13-52
36            android:exported="false"
36-->src/main/AndroidManifest.xml:28:13-37
37            android:label="Counter Simple"
37-->src/main/AndroidManifest.xml:26:13-43
38            android:theme="@style/Theme.Bloc" />
38-->src/main/AndroidManifest.xml:27:13-46
39        <activity
39-->src/main/AndroidManifest.xml:30:9-34:39
40            android:name="com.onegravity.bloc.counter.CounterReduxActivity"
40-->src/main/AndroidManifest.xml:31:13-57
41            android:exported="false"
41-->src/main/AndroidManifest.xml:34:13-37
42            android:label="Counter Redux"
42-->src/main/AndroidManifest.xml:32:13-42
43            android:theme="@style/Theme.Bloc" />
43-->src/main/AndroidManifest.xml:33:13-46
44        <activity
44-->src/main/AndroidManifest.xml:36:9-40:39
45            android:name="com.onegravity.bloc.books.BooksActivity"
45-->src/main/AndroidManifest.xml:37:13-48
46            android:exported="false"
46-->src/main/AndroidManifest.xml:40:13-37
47            android:label="Books"
47-->src/main/AndroidManifest.xml:38:13-34
48            android:theme="@style/Theme.Bloc" />
48-->src/main/AndroidManifest.xml:39:13-46
49        <activity
49-->src/main/AndroidManifest.xml:42:9-46:39
50            android:name="com.onegravity.bloc.posts.PostActivity"
50-->src/main/AndroidManifest.xml:43:13-47
51            android:exported="false"
51-->src/main/AndroidManifest.xml:46:13-37
52            android:label="BLoC Posts"
52-->src/main/AndroidManifest.xml:44:13-39
53            android:theme="@style/AppThemePosts" />
53-->src/main/AndroidManifest.xml:45:13-49
54        <activity
54-->src/main/AndroidManifest.xml:48:9-52:39
55            android:name="com.onegravity.bloc.calculator.CalculatorActivity"
55-->src/main/AndroidManifest.xml:49:13-58
56            android:exported="false"
56-->src/main/AndroidManifest.xml:52:13-37
57            android:label="Calculator"
57-->src/main/AndroidManifest.xml:50:13-39
58            android:theme="@style/AppThemeCalculator" />
58-->src/main/AndroidManifest.xml:51:13-54
59
60        <uses-library
60-->[androidx.window:window:1.0.0] AndroidManifest.xml:25:9-27:40
61            android:name="androidx.window.extensions"
61-->[androidx.window:window:1.0.0] AndroidManifest.xml:26:13-54
62            android:required="false" />
62-->[androidx.window:window:1.0.0] AndroidManifest.xml:27:13-37
63        <uses-library
63-->[androidx.window:window:1.0.0] AndroidManifest.xml:28:9-30:40
64            android:name="androidx.window.sidecar"
64-->[androidx.window:window:1.0.0] AndroidManifest.xml:29:13-51
65            android:required="false" />
65-->[androidx.window:window:1.0.0] AndroidManifest.xml:30:13-37
66
67        <provider
67-->[androidx.emoji2:emoji2:1.0.0] AndroidManifest.xml:26:9-34:20
68            android:name="androidx.startup.InitializationProvider"
68-->[androidx.emoji2:emoji2:1.0.0] AndroidManifest.xml:27:13-67
69            android:authorities="com.onegravity.bloc.sample.androidx-startup"
69-->[androidx.emoji2:emoji2:1.0.0] AndroidManifest.xml:28:13-68
70            android:exported="false" >
70-->[androidx.emoji2:emoji2:1.0.0] AndroidManifest.xml:29:13-37
71            <meta-data
71-->[androidx.emoji2:emoji2:1.0.0] AndroidManifest.xml:31:13-33:52
72                android:name="androidx.emoji2.text.EmojiCompatInitializer"
72-->[androidx.emoji2:emoji2:1.0.0] AndroidManifest.xml:32:17-75
73                android:value="androidx.startup" />
73-->[androidx.emoji2:emoji2:1.0.0] AndroidManifest.xml:33:17-49
74            <meta-data
74-->[androidx.lifecycle:lifecycle-process:2.4.0] AndroidManifest.xml:31:13-33:52
75                android:name="androidx.lifecycle.ProcessLifecycleInitializer"
75-->[androidx.lifecycle:lifecycle-process:2.4.0] AndroidManifest.xml:32:17-78
76                android:value="androidx.startup" />
76-->[androidx.lifecycle:lifecycle-process:2.4.0] AndroidManifest.xml:33:17-49
77        </provider>
78    </application>
79
80</manifest>